<?xml version='1.0' encoding='UTF-8' ?>
<testsuite name="com.example.android.scorekeeper.ExampleInstrumentedTest" tests="1" failures="0" errors="0" skipped="0" time="0.387" timestamp="2022-10-06T11:37:11" hostname="localhost">
  <properties>
    <property name="device" value="Pixel_2_API_24(AVD) - 7.0" />
    <property name="flavor" value="" />
    <property name="project" value=":app" />
  </properties>
  <testcase name="useAppContext" classname="com.example.android.scorekeeper.ExampleInstrumentedTest" time="0.016" />
</testsuite>